  WinClient.cpp
D:\SWArchitectProjects\VoIP\VoIP\WinClient.cpp(65,48): warning C4267: '인수': 'size_t'에서 'int'(으)로 변환하면서 데이터가 손실될 수 있습니다.
C:\Program Files\Microsoft Visual Studio\2022\Community\VC\Tools\MSVC\14.36.32532\include\type_traits(1586,67): warning C4244: '인수': 'unsigned __int64'에서 'int'(으)로 변환하면서 데이터가 손실될 수 있습니다.
C:\Program Files\Microsoft Visual Studio\2022\Community\VC\Tools\MSVC\14.36.32532\include\thread(55,14): message : 컴파일되는 함수 템플릿 인스턴스화 'void std::invoke<void(__cdecl *)(int),unsigned __int64,>(_Callable &&,_Ty1 &&) noexcept(false)'에 대한 참조를 확인하세요.
          with
          [
              _Callable=void (__cdecl *)(int),
              _Ty1=unsigned __int64
          ]
C:\Program Files\Microsoft Visual Studio\2022\Community\VC\Tools\MSVC\14.36.32532\include\thread(62,17): message : 컴파일되는 함수 템플릿 인스턴스화 'unsigned int std::thread::_Invoke<_Tuple,0,1>(void *) noexcept'에 대한 참조를 확인하세요.
C:\Program Files\Microsoft Visual Studio\2022\Community\VC\Tools\MSVC\14.36.32532\include\thread(71,40): message : 컴파일되는 함수 템플릿 인스턴스화 'unsigned int (__cdecl *std::thread::_Get_invoke<_Tuple,0,1>(std::integer_sequence<size_t,0,1>) noexcept)(void *)'에 대한 참조를 확인하세요.
C:\Program Files\Microsoft Visual Studio\2022\Community\VC\Tools\MSVC\14.36.32532\include\thread(88,9): message : 컴파일되는 함수 템플릿 인스턴스화 'void std::thread::_Start<void(__cdecl &)(int),SOCKET&>(_Fn,SOCKET &)'에 대한 참조를 확인하세요.
          with
          [
              _Fn=void (__cdecl &)(int)
          ]
D:\SWArchitectProjects\VoIP\VoIP\WinClient.cpp(56,19): message : 컴파일되는 함수 템플릿 인스턴스화 'std::thread::thread<void(__cdecl &)(int),SOCKET&,0>(_Fn,SOCKET &)'에 대한 참조를 확인하세요.
          with
          [
              _Fn=void (__cdecl &)(int)
          ]
  VoIP.vcxproj -> D:\SWArchitectProjects\VoIP\x64\Debug\VoIP.exe
